<?xml version="1.0" encoding="UTF-8" ?>
<testsuite failures="0" time="2.755" errors="1" skipped="0" tests="1" name="com.timothyimhof.mtaload.RemoteBoothLoaderTest">
  <properties>
[...]
</properties>
  <testcase time="2.751" classname="com.timothyimhof.mtaload.RemoteBoothLoaderTest" name="testLoadFiles">
    <error type="java.lang.NullPointerException">java.lang.NullPointerException
	at com.timothyimhof.model.RemoteBooth.compareTo(RemoteBooth.java:280)
	at com.timothyimhof.model.RemoteBooth.compareTo(RemoteBooth.java:1)
	at java.util.Arrays.mergeSort(Arrays.java:1144)
	at java.util.Arrays.mergeSort(Arrays.java:1156)
	at java.util.Arrays.mergeSort(Arrays.java:1156)
	at java.util.Arrays.mergeSort(Arrays.java:1156)
	at java.util.Arrays.mergeSort(Arrays.java:1156)
	at java.util.Arrays.mergeSort(Arrays.java:1156)
	at java.util.Arrays.mergeSort(Arrays.java:1156)
	at java.util.Arrays.mergeSort(Arrays.java:1156)
	at java.util.Arrays.sort(Arrays.java:1079)
	at java.util.Collections.sort(Collections.java:117)
	at com.timothyimhof.mtaload.RemoteBoothLoaderTest.testLoadFiles(RemoteBoothLoaderTest.java:116)
	at sun.reflect.NativeMethodAccessorImpl.invoke0(Native Method)
	at sun.reflect.NativeMethodAccessorImpl.invoke(NativeMethodAccessorImpl.java:39)
	at sun.reflect.DelegatingMethodAccessorImpl.invoke(DelegatingMethodAccessorImpl.java:25)
	at java.lang.reflect.Method.invoke(Method.java:597)
	at org.junit.internal.runners.TestMethod.invoke(TestMethod.java:59)
	at org.junit.internal.runners.MethodRoadie.runTestMethod(MethodRoadie.java:98)
	at org.junit.internal.runners.MethodRoadie$2.run(MethodRoadie.java:79)
	at org.junit.internal.runners.MethodRoadie.runBeforesThenTestThenAfters(MethodRoadie.java:87)
	at org.junit.internal.runners.MethodRoadie.runTest(MethodRoadie.java:77)
	at org.junit.internal.runners.MethodRoadie.run(MethodRoadie.java:42)
	at org.junit.internal.runners.JUnit4ClassRunner.invokeTestMethod(JUnit4ClassRunner.java:88)
	at org.junit.internal.runners.JUnit4ClassRunner.runMethods(JUnit4ClassRunner.java:51)
	at org.junit.internal.runners.JUnit4ClassRunner$1.run(JUnit4ClassRunner.java:44)
	at org.junit.internal.runners.ClassRoadie.runUnprotected(ClassRoadie.java:27)
	at org.junit.internal.runners.ClassRoadie.runProtected(ClassRoadie.java:37)
	at org.junit.internal.runners.JUnit4ClassRunner.run(JUnit4ClassRunner.java:42)
	at org.apache.maven.surefire.junit4.JUnit4TestSet.execute(JUnit4TestSet.java:35)
	at org.apache.maven.surefire.junit4.JUnit4Provider.executeTestSet(JUnit4Provider.java:146)
	at org.apache.maven.surefire.junit4.JUnit4Provider.invoke(JUnit4Provider.java:97)
	at sun.reflect.NativeMethodAccessorImpl.invoke0(Native Method)
	at sun.reflect.NativeMethodAccessorImpl.invoke(NativeMethodAccessorImpl.java:39)
	at sun.reflect.DelegatingMethodAccessorImpl.invoke(DelegatingMethodAccessorImpl.java:25)
	at java.lang.reflect.Method.invoke(Method.java:597)
	at org.apache.maven.surefire.booter.ProviderFactory$ClassLoaderProxy.invoke(ProviderFactory.java:103)
	at $Proxy0.invoke(Unknown Source)
	at org.apache.maven.surefire.booter.SurefireStarter.invokeProvider(SurefireStarter.java:145)
	at org.apache.maven.surefire.booter.SurefireStarter.runSuitesInProcess(SurefireStarter.java:87)
	at org.apache.maven.surefire.booter.ForkedBooter.main(ForkedBooter.java:69)
</error>
    <system-out>@SLTests run: 1, Failures: 0, Errors: 1, Skipped: 0, Time elapsed: 11.346 sec &lt;&lt;&lt; FAILURE!
@SLRunning com.timothyimhof.mtaload.RemoteBoothLoaderTest
</system-out>
  </testcase>
</testsuite>